<?xml version="1.0" encoding="UTF-8"?>
<testsuite name="BasicsTest" tests="1" skipped="0" failures="0" errors="0" timestamp="2022-09-24T18:42:28" hostname="userui-MacBook-Pro.local" time="0.012">
  <properties/>
  <testcase name="testTask5" classname="BasicsTest" time="0.012"/>
  <system-out><![CDATA[]]></system-out>
  <system-err><![CDATA[]]></system-err>
</testsuite>
